2023-11-30 14:24:39,398 DEBUG    root            Loaded Command Group: ['gcloud', 'components']
2023-11-30 14:24:39,400 DEBUG    root            Loaded Command Group: ['gcloud', 'components', 'update']
2023-11-30 14:24:39,403 DEBUG    root            Running [gcloud.components.update] with arguments: [--quiet: "True", COMPONENT-IDS:8: "['gcloud', 'core', 'bq', 'gsutil', 'compute', 'preview', 'alpha', 'beta']"]
2023-11-30 14:24:39,404 INFO     ___FILE_ONLY___ Beginning update. This process may take several minutes.

2023-11-30 14:24:39,410 DEBUG    urllib3.connectionpool Starting new HTTPS connection (1): dl.google.com:443
2023-11-30 14:24:39,494 DEBUG    urllib3.connectionpool https://dl.google.com:443 "GET /dl/cloudsdk/channels/rapid/components-2.json HTTP/1.1" 200 209943
2023-11-30 14:24:39,516 WARNING  root            Component [preview] no longer exists.
2023-11-30 14:24:39,516 WARNING  root            Component [compute] no longer exists.
2023-11-30 14:24:39,517 INFO     ___FILE_ONLY___ 

2023-11-30 14:24:39,517 INFO     ___FILE_ONLY___ 
Your current Google Cloud CLI version is: 455.0.0

2023-11-30 14:24:39,518 INFO     ___FILE_ONLY___ Installing components from version: 455.0.0

2023-11-30 14:24:39,518 INFO     ___FILE_ONLY___ 

2023-11-30 14:24:39,518 DEBUG    root            Chosen display Format:table[box,title="These components will be removed."](details.display_name:label=Name:align=left,version.version_string:label=Version:align=right,data.size.size(zero="",min=1048576):label=Size:align=right)
2023-11-30 14:24:39,519 DEBUG    root            Chosen display Format:table[box,title="These components will be updated."](details.display_name:label=Name:align=left,version.version_string:label=Version:align=right,data.size.size(zero="",min=1048576):label=Size:align=right)
2023-11-30 14:24:39,520 DEBUG    root            Chosen display Format:table[box,title="These components will be installed."](details.display_name:label=Name:align=left,version.version_string:label=Version:align=right,data.size.size(zero="",min=1048576):label=Size:align=right)
2023-11-30 14:24:39,521 INFO     ___FILE_ONLY___ ┌──────────────────────────────────────────────┐
2023-11-30 14:24:39,522 INFO     ___FILE_ONLY___ 

2023-11-30 14:24:39,522 INFO     ___FILE_ONLY___ │     These components will be installed.      │
2023-11-30 14:24:39,522 INFO     ___FILE_ONLY___ 

2023-11-30 14:24:39,522 INFO     ___FILE_ONLY___ ├───────────────────────┬────────────┬─────────┤
2023-11-30 14:24:39,522 INFO     ___FILE_ONLY___ 

2023-11-30 14:24:39,522 INFO     ___FILE_ONLY___ │          Name         │  Version   │   Size  │
2023-11-30 14:24:39,522 INFO     ___FILE_ONLY___ 

2023-11-30 14:24:39,522 INFO     ___FILE_ONLY___ ├───────────────────────┼────────────┼─────────┤
2023-11-30 14:24:39,522 INFO     ___FILE_ONLY___ 

2023-11-30 14:24:39,522 INFO     ___FILE_ONLY___ │ 
2023-11-30 14:24:39,522 INFO     ___FILE_ONLY___ gcloud Alpha Commands
2023-11-30 14:24:39,522 INFO     ___FILE_ONLY___  
2023-11-30 14:24:39,522 INFO     ___FILE_ONLY___ │ 
2023-11-30 14:24:39,523 INFO     ___FILE_ONLY___ 2023.11.10
2023-11-30 14:24:39,523 INFO     ___FILE_ONLY___  
2023-11-30 14:24:39,523 INFO     ___FILE_ONLY___ │ 
2023-11-30 14:24:39,523 INFO     ___FILE_ONLY___ < 1 MiB
2023-11-30 14:24:39,523 INFO     ___FILE_ONLY___  
2023-11-30 14:24:39,523 INFO     ___FILE_ONLY___ │
2023-11-30 14:24:39,523 INFO     ___FILE_ONLY___ 

2023-11-30 14:24:39,523 INFO     ___FILE_ONLY___ │ 
2023-11-30 14:24:39,523 INFO     ___FILE_ONLY___ gcloud Beta Commands 
2023-11-30 14:24:39,523 INFO     ___FILE_ONLY___  
2023-11-30 14:24:39,523 INFO     ___FILE_ONLY___ │ 
2023-11-30 14:24:39,523 INFO     ___FILE_ONLY___ 2023.11.10
2023-11-30 14:24:39,523 INFO     ___FILE_ONLY___  
2023-11-30 14:24:39,523 INFO     ___FILE_ONLY___ │ 
2023-11-30 14:24:39,524 INFO     ___FILE_ONLY___ < 1 MiB
2023-11-30 14:24:39,524 INFO     ___FILE_ONLY___  
2023-11-30 14:24:39,524 INFO     ___FILE_ONLY___ │
2023-11-30 14:24:39,524 INFO     ___FILE_ONLY___ 

2023-11-30 14:24:39,524 INFO     ___FILE_ONLY___ └───────────────────────┴────────────┴─────────┘
2023-11-30 14:24:39,524 INFO     ___FILE_ONLY___ 

2023-11-30 14:24:39,524 INFO     ___FILE_ONLY___ 

2023-11-30 14:24:39,528 DEBUG    urllib3.connectionpool Starting new HTTPS connection (1): dl.google.com:443
2023-11-30 14:24:39,618 DEBUG    urllib3.connectionpool https://dl.google.com:443 "GET /dl/cloudsdk/channels/rapid/RELEASE_NOTES HTTP/1.1" 200 1114072
2023-11-30 14:24:39,690 INFO     ___FILE_ONLY___ For the latest full release notes, please visit:
  https://cloud.google.com/sdk/release_notes


2023-11-30 14:24:39,693 INFO     ___FILE_ONLY___ ╔════════════════════════════════════════════════════════════╗

2023-11-30 14:24:39,693 INFO     ___FILE_ONLY___ ╠═ Creating update staging area                             ═╣

2023-11-30 14:24:39,693 INFO     ___FILE_ONLY___ ╚
2023-11-30 14:24:39,693 INFO     ___FILE_ONLY___ ══════
2023-11-30 14:24:40,402 INFO     ___FILE_ONLY___ ══════
2023-11-30 14:24:40,402 INFO     ___FILE_ONLY___ ══════
2023-11-30 14:24:40,926 INFO     ___FILE_ONLY___ ═
2023-11-30 14:24:40,990 INFO     ___FILE_ONLY___ ═
2023-11-30 14:24:41,045 INFO     ___FILE_ONLY___ ═
2023-11-30 14:24:41,111 INFO     ___FILE_ONLY___ ═
2023-11-30 14:24:41,204 INFO     ___FILE_ONLY___ ═
2023-11-30 14:24:41,280 INFO     ___FILE_ONLY___ ═
2023-11-30 14:24:41,363 INFO     ___FILE_ONLY___ ═
2023-11-30 14:24:41,429 INFO     ___FILE_ONLY___ ═
2023-11-30 14:24:41,497 INFO     ___FILE_ONLY___ ═
2023-11-30 14:24:41,544 INFO     ___FILE_ONLY___ ═
2023-11-30 14:24:41,617 INFO     ___FILE_ONLY___ ═
2023-11-30 14:24:41,685 INFO     ___FILE_ONLY___ ═
2023-11-30 14:24:41,751 INFO     ___FILE_ONLY___ ═
2023-11-30 14:24:41,812 INFO     ___FILE_ONLY___ ═
2023-11-30 14:24:41,880 INFO     ___FILE_ONLY___ ═
2023-11-30 14:24:41,935 INFO     ___FILE_ONLY___ ═
2023-11-30 14:24:41,991 INFO     ___FILE_ONLY___ ═
2023-11-30 14:24:42,050 INFO     ___FILE_ONLY___ ═
2023-11-30 14:24:42,116 INFO     ___FILE_ONLY___ ═
2023-11-30 14:24:42,260 INFO     ___FILE_ONLY___ ═
2023-11-30 14:24:42,335 INFO     ___FILE_ONLY___ ═
2023-11-30 14:24:42,392 INFO     ___FILE_ONLY___ ═
2023-11-30 14:24:42,452 INFO     ___FILE_ONLY___ ═
2023-11-30 14:24:42,523 INFO     ___FILE_ONLY___ ═
2023-11-30 14:24:42,573 INFO     ___FILE_ONLY___ ═
2023-11-30 14:24:42,635 INFO     ___FILE_ONLY___ ═
2023-11-30 14:24:42,696 INFO     ___FILE_ONLY___ ═
2023-11-30 14:24:42,762 INFO     ___FILE_ONLY___ ═
2023-11-30 14:24:42,829 INFO     ___FILE_ONLY___ ═
2023-11-30 14:24:42,898 INFO     ___FILE_ONLY___ ═
2023-11-30 14:24:42,959 INFO     ___FILE_ONLY___ ═
2023-11-30 14:24:43,014 INFO     ___FILE_ONLY___ ═
2023-11-30 14:24:43,062 INFO     ___FILE_ONLY___ ═
2023-11-30 14:24:43,109 INFO     ___FILE_ONLY___ ═
2023-11-30 14:24:43,166 INFO     ___FILE_ONLY___ ═
2023-11-30 14:24:43,243 INFO     ___FILE_ONLY___ ═
2023-11-30 14:24:43,305 INFO     ___FILE_ONLY___ ═
2023-11-30 14:24:43,387 INFO     ___FILE_ONLY___ ═
2023-11-30 14:24:43,568 INFO     ___FILE_ONLY___ ═
2023-11-30 14:24:43,626 INFO     ___FILE_ONLY___ ═
2023-11-30 14:24:43,687 INFO     ___FILE_ONLY___ ═
2023-11-30 14:24:43,774 INFO     ___FILE_ONLY___ ═
2023-11-30 14:24:43,774 INFO     ___FILE_ONLY___ ╝

2023-11-30 14:24:47,253 INFO     ___FILE_ONLY___ ╔════════════════════════════════════════════════════════════╗

2023-11-30 14:24:47,253 INFO     ___FILE_ONLY___ ╠═ Installing: gcloud Alpha Commands                        ═╣

2023-11-30 14:24:47,253 INFO     ___FILE_ONLY___ ╚
2023-11-30 14:24:47,257 DEBUG    urllib3.connectionpool Starting new HTTPS connection (1): dl.google.com:443
2023-11-30 14:24:47,344 DEBUG    urllib3.connectionpool https://dl.google.com:443 "GET /dl/cloudsdk/channels/rapid/components/google-cloud-sdk-alpha-20231110155547.tar.gz HTTP/1.1" 200 800
2023-11-30 14:24:47,345 INFO     ___FILE_ONLY___ ══════════════════════════════
2023-11-30 14:24:47,346 INFO     ___FILE_ONLY___ ══════════════════════════════
2023-11-30 14:24:47,347 INFO     ___FILE_ONLY___ ╝

2023-11-30 14:24:47,356 INFO     ___FILE_ONLY___ ╔════════════════════════════════════════════════════════════╗

2023-11-30 14:24:47,356 INFO     ___FILE_ONLY___ ╠═ Installing: gcloud Beta Commands                         ═╣

2023-11-30 14:24:47,356 INFO     ___FILE_ONLY___ ╚
2023-11-30 14:24:47,360 DEBUG    urllib3.connectionpool Starting new HTTPS connection (1): dl.google.com:443
2023-11-30 14:24:47,446 DEBUG    urllib3.connectionpool https://dl.google.com:443 "GET /dl/cloudsdk/channels/rapid/components/google-cloud-sdk-beta-20231110155547.tar.gz HTTP/1.1" 200 797
2023-11-30 14:24:47,447 INFO     ___FILE_ONLY___ ══════════════════════════════
2023-11-30 14:24:47,448 INFO     ___FILE_ONLY___ ══════════════════════════════
2023-11-30 14:24:47,448 INFO     ___FILE_ONLY___ ╝

2023-11-30 14:24:47,457 INFO     ___FILE_ONLY___ ╔════════════════════════════════════════════════════════════╗

2023-11-30 14:24:47,457 INFO     ___FILE_ONLY___ ╠═ Creating backup and activating new installation          ═╣

2023-11-30 14:24:47,457 INFO     ___FILE_ONLY___ ╚
2023-11-30 14:24:47,457 DEBUG    root            Attempting to move directory [/tools/google-cloud-sdk] to [/tools/google-cloud-sdk.staging/.install/.backup]
2023-11-30 14:24:47,458 INFO     ___FILE_ONLY___ ══════════════════════════════
2023-11-30 14:24:47,458 DEBUG    root            Attempting to move directory [/tools/google-cloud-sdk.staging] to [/tools/google-cloud-sdk]
2023-11-30 14:24:47,458 INFO     ___FILE_ONLY___ ══════════════════════════════
2023-11-30 14:24:47,458 INFO     ___FILE_ONLY___ ╝

2023-11-30 14:24:47,463 DEBUG    root            Updating notification cache...
2023-11-30 14:24:47,464 INFO     ___FILE_ONLY___ 

2023-11-30 14:24:47,467 INFO     ___FILE_ONLY___ Performing post processing steps...
2023-11-30 14:24:47,467 DEBUG    root            Executing command: ['python3', '-S', '/tools/google-cloud-sdk/lib/gcloud.py', 'components', 'post-process']
2023-11-30 14:27:37,432 DEBUG    ___FILE_ONLY___ 
2023-11-30 14:27:37,433 DEBUG    ___FILE_ONLY___ 
2023-11-30 14:27:37,492 INFO     ___FILE_ONLY___ 
Update done!


2023-11-30 14:27:37,495 DEBUG    root            Chosen display Format:none
2023-11-30 14:27:37,496 INFO     root            Display format: "none"
